ERROR - 2024-01-29 08:07:02 --> Error connecting to the database: No connection could be made because the target machine actively refused it.

CRITICAL - 2024-01-29 08:07:02 --> Unable to connect to the database.
Main connection [MySQLi]: No connection could be made because the target machine actively refused it.

#0 C:\xampp\htdocs\penaa\system\Database\BaseConnection.php(577): CodeIgniter\Database\BaseConnection->initialize()
#1 C:\xampp\htdocs\penaa\system\Database\BaseBuilder.php(1588): CodeIgniter\Database\BaseConnection->query('SELECT *\nFROM `...', Array, false)
#2 C:\xampp\htdocs\penaa\app\Models\M_model.php(41): CodeIgniter\Database\BaseBuilder->getWhere(Array)
#3 C:\xampp\htdocs\penaa\app\Controllers\Home.php(50): App\Models\M_model->getWhere2('user', Array)
#4 C:\xampp\htdocs\penaa\system\CodeIgniter.php(832): App\Controllers\Home->aksi_login()
#5 C:\xampp\htdocs\penaa\system\CodeIgniter.php(419): CodeIgniter\CodeIgniter->runController(Object(App\Controllers\Home))
#6 C:\xampp\htdocs\penaa\system\CodeIgniter.php(326): CodeIgniter\CodeIgniter->handleRequest(NULL, Object(Config\Cache), false)
#7 C:\xampp\htdocs\penaa\public\index.php(37): CodeIgniter\CodeIgniter->run()
#8 C:\xampp\htdocs\penaa\system\Commands\Server\rewrite.php(43): require_once('C:\\xampp\\htdocs...')
#9 {main}
CRITICAL - 2024-01-29 08:07:49 --> Class 'Dompdf\Dompdf' not found
#0 C:\xampp\htdocs\penaa\system\CodeIgniter.php(832): App\Controllers\Home->pdf_b()
#1 C:\xampp\htdocs\penaa\system\CodeIgniter.php(419): CodeIgniter\CodeIgniter->runController(Object(App\Controllers\Home))
#2 C:\xampp\htdocs\penaa\system\CodeIgniter.php(326): CodeIgniter\CodeIgniter->handleRequest(NULL, Object(Config\Cache), false)
#3 C:\xampp\htdocs\penaa\public\index.php(37): CodeIgniter\CodeIgniter->run()
#4 C:\xampp\htdocs\penaa\system\Commands\Server\rewrite.php(43): require_once('C:\\xampp\\htdocs...')
#5 {main}
